2026.01.22 23:39:38 INFO  Started: Metals version 1.6.5 in folders 'D:\utp\verano_2026\herramientas_de_desarrollo\trip-agency-management-backend' for client Visual Studio Code 1.108.1.
2026.01.22 23:39:38 INFO  Memory monitor started
2026.01.22 23:39:39 WARN  Using H2 2.4.240 which is newer than the version Flyway has been verified with. The latest verified version of H2 is 2.3.232.
2026.01.22 23:39:40 INFO  no build target found for D:\utp\verano_2026\herramientas_de_desarrollo\trip-agency-management-backend\src\main\java\com\tripagencymanagement\template\customers\package-info.java. Using fallback presentation compiler.
2026.01.22 23:39:43 INFO  restarted 1 presentation compiler
2026.01.22 23:39:44 INFO  no build target found for D:\utp\verano_2026\herramientas_de_desarrollo\trip-agency-management-backend\src\main\java\com\tripagencymanagement\template\customers\package-info.java. Using fallback presentation compiler.
2026.01.22 23:39:44 INFO  no build target found for D:\utp\verano_2026\herramientas_de_desarrollo\trip-agency-management-backend\src\main\java\com\tripagencymanagement\template\customers\package-info.java. Using fallback presentation compiler.
2026.01.22 23:39:52 INFO  no build target found for D:\utp\verano_2026\herramientas_de_desarrollo\trip-agency-management-backend\src\main\java\com\tripagencymanagement\template\auth\package-info.java. Using fallback presentation compiler.
2026.01.22 23:39:52 INFO  no build target found for D:\utp\verano_2026\herramientas_de_desarrollo\trip-agency-management-backend\src\main\java\com\tripagencymanagement\template\auth\package-info.java. Using fallback presentation compiler.
2026.01.22 23:39:52 INFO  no build target found for D:\utp\verano_2026\herramientas_de_desarrollo\trip-agency-management-backend\src\main\java\com\tripagencymanagement\template\auth\package-info.java. Using fallback presentation compiler.
2026.01.22 23:39:53 INFO  no build target found for D:\utp\verano_2026\herramientas_de_desarrollo\trip-agency-management-backend\src\main\java\com\tripagencymanagement\template\auth\package-info.java. Using fallback presentation compiler.
2026.01.22 23:39:53 INFO  no build target found for D:\utp\verano_2026\herramientas_de_desarrollo\trip-agency-management-backend\src\main\java\com\tripagencymanagement\template\auth\package-info.java. Using fallback presentation compiler.
2026.01.22 23:39:53 INFO  no build target found for D:\utp\verano_2026\herramientas_de_desarrollo\trip-agency-management-backend\src\main\java\com\tripagencymanagement\template\auth\package-info.java. Using fallback presentation compiler.
2026.01.22 23:39:54 INFO  no build target found for D:\utp\verano_2026\herramientas_de_desarrollo\trip-agency-management-backend\src\main\java\com\tripagencymanagement\template\auth\package-info.java. Using fallback presentation compiler.
2026.01.22 23:39:54 INFO  no build target found for D:\utp\verano_2026\herramientas_de_desarrollo\trip-agency-management-backend\src\main\java\com\tripagencymanagement\template\auth\package-info.java. Using fallback presentation compiler.
ene 22, 2026 11:39:55 P. M. org.eclipse.lsp4j.jsonrpc.RemoteEndpoint handleCancellation
ADVERTENCIA: Unmatched cancel notification for request id 20
2026.01.22 23:39:54 INFO  no build target found for D:\utp\verano_2026\herramientas_de_desarrollo\trip-agency-management-backend\src\main\java\com\tripagencymanagement\template\auth\package-info.java. Using fallback presentation compiler.
2026.01.22 23:39:59 INFO  no build target found for D:\utp\verano_2026\herramientas_de_desarrollo\trip-agency-management-backend\src\main\java\com\tripagencymanagement\template\auth\package-info.java. Using fallback presentation compiler.
2026.01.22 23:39:59 INFO  no build target found for D:\utp\verano_2026\herramientas_de_desarrollo\trip-agency-management-backend\src\main\java\com\tripagencymanagement\template\auth\package-info.java. Using fallback presentation compiler.
2026.01.22 23:39:59 INFO  no build target found for D:\utp\verano_2026\herramientas_de_desarrollo\trip-agency-management-backend\src\main\java\com\tripagencymanagement\template\auth\package-info.java. Using fallback presentation compiler.
2026.01.22 23:39:59 INFO  no build target found for D:\utp\verano_2026\herramientas_de_desarrollo\trip-agency-management-backend\src\main\java\com\tripagencymanagement\template\auth\package-info.java. Using fallback presentation compiler.
2026.01.22 23:39:59 INFO  no build target found for D:\utp\verano_2026\herramientas_de_desarrollo\trip-agency-management-backend\src\main\java\com\tripagencymanagement\template\auth\package-info.java. Using fallback presentation compiler.
2026.01.22 23:39:59 INFO  no build target found for D:\utp\verano_2026\herramientas_de_desarrollo\trip-agency-management-backend\src\main\java\com\tripagencymanagement\template\auth\package-info.java. Using fallback presentation compiler.
ene 22, 2026 11:40:00 P. M. org.eclipse.lsp4j.jsonrpc.RemoteEndpoint handleCancellation
ADVERTENCIA: Unmatched cancel notification for request id 29
2026.01.22 23:40:00 INFO  no build target found for D:\utp\verano_2026\herramientas_de_desarrollo\trip-agency-management-backend\src\main\java\com\tripagencymanagement\template\auth\package-info.java. Using fallback presentation compiler.
2026.01.22 23:40:00 INFO  no build target found for D:\utp\verano_2026\herramientas_de_desarrollo\trip-agency-management-backend\src\main\java\com\tripagencymanagement\template\auth\package-info.java. Using fallback presentation compiler.
2026.01.22 23:40:00 INFO  no build target found for D:\utp\verano_2026\herramientas_de_desarrollo\trip-agency-management-backend\src\main\java\com\tripagencymanagement\template\auth\package-info.java. Using fallback presentation compiler.
2026.01.22 23:40:00 INFO  no build target found for D:\utp\verano_2026\herramientas_de_desarrollo\trip-agency-management-backend\src\main\java\com\tripagencymanagement\template\auth\package-info.java. Using fallback presentation compiler.
2026.01.22 23:40:02 INFO  no build target found for D:\utp\verano_2026\herramientas_de_desarrollo\trip-agency-management-backend\src\main\java\com\tripagencymanagement\template\auth\package-info.java. Using fallback presentation compiler.
2026.01.22 23:40:02 INFO  no build target found for D:\utp\verano_2026\herramientas_de_desarrollo\trip-agency-management-backend\src\main\java\com\tripagencymanagement\template\auth\package-info.java. Using fallback presentation compiler.
2026.01.22 23:40:03 INFO  no build target found for D:\utp\verano_2026\herramientas_de_desarrollo\trip-agency-management-backend\src\main\java\com\tripagencymanagement\template\auth\package-info.java. Using fallback presentation compiler.
2026.01.22 23:40:03 INFO  no build target found for D:\utp\verano_2026\herramientas_de_desarrollo\trip-agency-management-backend\src\main\java\com\tripagencymanagement\template\auth\package-info.java. Using fallback presentation compiler.
2026.01.22 23:40:03 INFO  no build target found for D:\utp\verano_2026\herramientas_de_desarrollo\trip-agency-management-backend\src\main\java\com\tripagencymanagement\template\auth\package-info.java. Using fallback presentation compiler.
2026.01.22 23:40:03 INFO  no build target found for D:\utp\verano_2026\herramientas_de_desarrollo\trip-agency-management-backend\src\main\java\com\tripagencymanagement\template\auth\package-info.java. Using fallback presentation compiler.
ene 22, 2026 11:40:04 P. M. org.eclipse.lsp4j.jsonrpc.RemoteEndpoint handleCancellation
ADVERTENCIA: Unmatched cancel notification for request id 39
2026.01.22 23:40:05 INFO  no build target found for D:\utp\verano_2026\herramientas_de_desarrollo\trip-agency-management-backend\src\main\java\com\tripagencymanagement\template\auth\package-info.java. Using fallback presentation compiler.
2026.01.22 23:40:05 INFO  no build target found for D:\utp\verano_2026\herramientas_de_desarrollo\trip-agency-management-backend\src\main\java\com\tripagencymanagement\template\auth\package-info.java. Using fallback presentation compiler.
2026.01.22 23:40:05 INFO  no build target found for D:\utp\verano_2026\herramientas_de_desarrollo\trip-agency-management-backend\src\main\java\com\tripagencymanagement\template\auth\package-info.java. Using fallback presentation compiler.
2026.01.22 23:40:05 INFO  no build target found for D:\utp\verano_2026\herramientas_de_desarrollo\trip-agency-management-backend\src\main\java\com\tripagencymanagement\template\auth\package-info.java. Using fallback presentation compiler.
2026.01.22 23:40:05 INFO  no build target found for D:\utp\verano_2026\herramientas_de_desarrollo\trip-agency-management-backend\src\main\java\com\tripagencymanagement\template\auth\package-info.java. Using fallback presentation compiler.
2026.01.22 23:40:05 INFO  no build target found for D:\utp\verano_2026\herramientas_de_desarrollo\trip-agency-management-backend\src\main\java\com\tripagencymanagement\template\auth\package-info.java. Using fallback presentation compiler.
ene 22, 2026 11:40:06 P. M. org.eclipse.lsp4j.jsonrpc.RemoteEndpoint handleCancellation
ADVERTENCIA: Unmatched cancel notification for request id 45
2026.01.22 23:40:07 INFO  no build target found for D:\utp\verano_2026\herramientas_de_desarrollo\trip-agency-management-backend\src\main\java\com\tripagencymanagement\template\auth\package-info.java. Using fallback presentation compiler.
2026.01.22 23:40:07 INFO  no build target found for D:\utp\verano_2026\herramientas_de_desarrollo\trip-agency-management-backend\src\main\java\com\tripagencymanagement\template\auth\package-info.java. Using fallback presentation compiler.
2026.01.22 23:40:07 INFO  no build target found for D:\utp\verano_2026\herramientas_de_desarrollo\trip-agency-management-backend\src\main\java\com\tripagencymanagement\template\auth\package-info.java. Using fallback presentation compiler.
2026.01.22 23:40:07 INFO  no build target found for D:\utp\verano_2026\herramientas_de_desarrollo\trip-agency-management-backend\src\main\java\com\tripagencymanagement\template\auth\package-info.java. Using fallback presentation compiler.
2026.01.22 23:40:08 INFO  no build target found for D:\utp\verano_2026\herramientas_de_desarrollo\trip-agency-management-backend\src\main\java\com\tripagencymanagement\template\auth\package-info.java. Using fallback presentation compiler.
2026.01.22 23:40:09 INFO  no build target found for D:\utp\verano_2026\herramientas_de_desarrollo\trip-agency-management-backend\src\main\java\com\tripagencymanagement\template\auth\package-info.java. Using fallback presentation compiler.
2026.01.22 23:40:09 INFO  no build target found for D:\utp\verano_2026\herramientas_de_desarrollo\trip-agency-management-backend\src\main\java\com\tripagencymanagement\template\auth\package-info.java. Using fallback presentation compiler.
2026.01.22 23:40:09 INFO  no build target found for D:\utp\verano_2026\herramientas_de_desarrollo\trip-agency-management-backend\src\main\java\com\tripagencymanagement\template\auth\package-info.java. Using fallback presentation compiler.
2026.01.22 23:40:09 INFO  no build target found for D:\utp\verano_2026\herramientas_de_desarrollo\trip-agency-management-backend\src\main\java\com\tripagencymanagement\template\auth\package-info.java. Using fallback presentation compiler.
2026.01.22 23:40:09 INFO  Created report: Optional[file:///D:/utp/verano_2026/herramientas_de_desarrollo/trip-agency-management-backend/src/main/java/com/tripagencymanagement/template/auth/package-info.java]
2026.01.22 23:40:09 INFO  empty definition using pc, found symbol in pc: _empty_/ApplicationModule# (full report at: "D:\utp\verano_2026\herramientas_de_desarrollo\trip-agency-management-backend\.metals\.reports\metals-full\2026-01-22\r_empty-definition_23-40-09-742.md")
2026.01.22 23:40:10 WARN  no build target for: D:\utp\verano_2026\herramientas_de_desarrollo\trip-agency-management-backend\src\main\java\com\tripagencymanagement\template\customers\package-info.java
2026.01.22 23:40:10 INFO  no build target found for D:\utp\verano_2026\herramientas_de_desarrollo\trip-agency-management-backend\src\main\java\com\tripagencymanagement\template\customers\package-info.java. Using fallback presentation compiler.
2026.01.22 23:40:11 INFO  no build target found for D:\utp\verano_2026\herramientas_de_desarrollo\trip-agency-management-backend\src\main\java\com\tripagencymanagement\template\customers\package-info.java. Using fallback presentation compiler.
2026.01.22 23:40:10 INFO  no build target found for D:\utp\verano_2026\herramientas_de_desarrollo\trip-agency-management-backend\src\main\java\com\tripagencymanagement\template\customers\package-info.java. Using fallback presentation compiler.
2026.01.22 23:40:10 INFO  no build target found for D:\utp\verano_2026\herramientas_de_desarrollo\trip-agency-management-backend\src\main\java\com\tripagencymanagement\template\customers\package-info.java. Using fallback presentation compiler.
2026.01.22 23:40:12 INFO  no build target found for D:\utp\verano_2026\herramientas_de_desarrollo\trip-agency-management-backend\src\main\java\com\tripagencymanagement\template\customers\package-info.java. Using fallback presentation compiler.
2026.01.22 23:40:12 INFO  no build target found for D:\utp\verano_2026\herramientas_de_desarrollo\trip-agency-management-backend\src\main\java\com\tripagencymanagement\template\customers\package-info.java. Using fallback presentation compiler.
2026.01.22 23:40:12 INFO  no build target found for D:\utp\verano_2026\herramientas_de_desarrollo\trip-agency-management-backend\src\main\java\com\tripagencymanagement\template\customers\package-info.java. Using fallback presentation compiler.
2026.01.22 23:40:14 INFO  no build target found for D:\utp\verano_2026\herramientas_de_desarrollo\trip-agency-management-backend\src\main\java\com\tripagencymanagement\template\customers\package-info.java. Using fallback presentation compiler.
2026.01.22 23:40:14 INFO  no build target found for D:\utp\verano_2026\herramientas_de_desarrollo\trip-agency-management-backend\src\main\java\com\tripagencymanagement\template\customers\package-info.java. Using fallback presentation compiler.
2026.01.22 23:40:14 INFO  no build target found for D:\utp\verano_2026\herramientas_de_desarrollo\trip-agency-management-backend\src\main\java\com\tripagencymanagement\template\customers\package-info.java. Using fallback presentation compiler.
2026.01.22 23:40:14 INFO  no build target found for D:\utp\verano_2026\herramientas_de_desarrollo\trip-agency-management-backend\src\main\java\com\tripagencymanagement\template\customers\package-info.java. Using fallback presentation compiler.
2026.01.22 23:41:42 INFO  no build target found for D:\utp\verano_2026\herramientas_de_desarrollo\trip-agency-management-backend\src\main\java\com\tripagencymanagement\template\customers\package-info.java. Using fallback presentation compiler.
2026.01.22 23:41:42 INFO  no build target found for D:\utp\verano_2026\herramientas_de_desarrollo\trip-agency-management-backend\src\main\java\com\tripagencymanagement\template\customers\infrastructure\enums\IdDocumentType.java. Using fallback presentation compiler.
2026.01.22 23:41:42 INFO  no build target found for D:\utp\verano_2026\herramientas_de_desarrollo\trip-agency-management-backend\src\main\java\com\tripagencymanagement\template\customers\domain\enums\DIdDocumentType.java. Using fallback presentation compiler.
2026.01.22 23:41:42 INFO  no build target found for D:\utp\verano_2026\herramientas_de_desarrollo\trip-agency-management-backend\src\main\java\com\tripagencymanagement\template\customers\application\queries\GetAllCustomersQuery.java. Using fallback presentation compiler.
2026.01.22 23:41:42 INFO  no build target found for D:\utp\verano_2026\herramientas_de_desarrollo\trip-agency-management-backend\src\main\java\com\tripagencymanagement\template\customers\application\queries\CustomerPaginatedQuery.java. Using fallback presentation compiler.
2026.01.22 23:41:42 INFO  no build target found for D:\utp\verano_2026\herramientas_de_desarrollo\trip-agency-management-backend\src\main\java\com\tripagencymanagement\template\customers\application\commands\CreateCustomerCommand.java. Using fallback presentation compiler.
2026.01.22 23:41:42 INFO  no build target found for D:\utp\verano_2026\herramientas_de_desarrollo\trip-agency-management-backend\src\main\java\com\tripagencymanagement\template\customers\application\commands\UpdateCustomerCommand.java. Using fallback presentation compiler.
2026.01.22 23:41:42 INFO  no build target found for D:\utp\verano_2026\herramientas_de_desarrollo\trip-agency-management-backend\src\main\java\com\tripagencymanagement\template\customers\application\commands\DeactivateCustomerCommand.java. Using fallback presentation compiler.
2026.01.22 23:41:42 INFO  no build target found for D:\utp\verano_2026\herramientas_de_desarrollo\trip-agency-management-backend\src\main\java\com\tripagencymanagement\template\customers\application\events\CustomerCreatedDomainEvent.java. Using fallback presentation compiler.
2026.01.22 23:41:42 INFO  no build target found for D:\utp\verano_2026\herramientas_de_desarrollo\trip-agency-management-backend\src\main\java\com\tripagencymanagement\template\customers\infrastructure\entities\Customer.java. Using fallback presentation compiler.
2026.01.22 23:41:42 INFO  no build target found for D:\utp\verano_2026\herramientas_de_desarrollo\trip-agency-management-backend\src\main\java\com\tripagencymanagement\template\customers\infrastructure\repositories\interfaces\ICustomerJpaRepository.java. Using fallback presentation compiler.
2026.01.22 23:41:42 INFO  no build target found for D:\utp\verano_2026\herramientas_de_desarrollo\trip-agency-management-backend\src\main\java\com\tripagencymanagement\template\customers\infrastructure\repositories\impl\CustomerRepository.java. Using fallback presentation compiler.
2026.01.22 23:41:42 INFO  no build target found for D:\utp\verano_2026\herramientas_de_desarrollo\trip-agency-management-backend\src\main\java\com\tripagencymanagement\template\customers\infrastructure\mappers\CustomerLombokMapper.java. Using fallback presentation compiler.
2026.01.22 23:41:42 INFO  no build target found for D:\utp\verano_2026\herramientas_de_desarrollo\trip-agency-management-backend\src\main\java\com\tripagencymanagement\template\customers\infrastructure\mappers\ICustomerLombokMapper.java. Using fallback presentation compiler.
2026.01.22 23:41:42 INFO  no build target found for D:\utp\verano_2026\herramientas_de_desarrollo\trip-agency-management-backend\src\main\java\com\tripagencymanagement\template\customers\presentation\dto\CreateCustomerDto.java. Using fallback presentation compiler.
2026.01.22 23:41:42 INFO  no build target found for D:\utp\verano_2026\herramientas_de_desarrollo\trip-agency-management-backend\src\main\java\com\tripagencymanagement\template\customers\presentation\dto\UpdateCustomerDto.java. Using fallback presentation compiler.
2026.01.22 23:41:42 INFO  no build target found for D:\utp\verano_2026\herramientas_de_desarrollo\trip-agency-management-backend\src\main\java\com\tripagencymanagement\template\customers\presentation\dto\PaginatedCustomerRequestDto.java. Using fallback presentation compiler.
2026.01.22 23:41:42 INFO  no build target found for D:\utp\verano_2026\herramientas_de_desarrollo\trip-agency-management-backend\src\main\java\com\tripagencymanagement\template\customers\presentation\controller\CustomerController.java. Using fallback presentation compiler.
2026.01.22 23:41:42 INFO  no build target found for D:\utp\verano_2026\herramientas_de_desarrollo\trip-agency-management-backend\src\main\java\com\tripagencymanagement\template\customers\domain\repositories\ICustomerRepository.java. Using fallback presentation compiler.
2026.01.22 23:41:42 INFO  no build target found for D:\utp\verano_2026\herramientas_de_desarrollo\trip-agency-management-backend\src\main\java\com\tripagencymanagement\template\customers\domain\entities\DCustomer.java. Using fallback presentation compiler.
2026.01.22 23:41:42 INFO  no build target found for D:\utp\verano_2026\herramientas_de_desarrollo\trip-agency-management-backend\src\main\java\com\tripagencymanagement\template\customers\application\queries\handlers\GetAllCustomersQueryHandler.java. Using fallback presentation compiler.
2026.01.22 23:41:42 INFO  no build target found for D:\utp\verano_2026\herramientas_de_desarrollo\trip-agency-management-backend\src\main\java\com\tripagencymanagement\template\customers\application\queries\handlers\CustomerPaginatedQueryHandler.java. Using fallback presentation compiler.
2026.01.22 23:41:42 INFO  no build target found for D:\utp\verano_2026\herramientas_de_desarrollo\trip-agency-management-backend\src\main\java\com\tripagencymanagement\template\customers\application\commands\handlers\UpdateCustomerCommandHandler.java. Using fallback presentation compiler.
2026.01.22 23:41:42 INFO  no build target found for D:\utp\verano_2026\herramientas_de_desarrollo\trip-agency-management-backend\src\main\java\com\tripagencymanagement\template\customers\application\commands\handlers\DeactivateCustomerCommandHandler.java. Using fallback presentation compiler.
2026.01.22 23:41:42 INFO  no build target found for D:\utp\verano_2026\herramientas_de_desarrollo\trip-agency-management-backend\src\main\java\com\tripagencymanagement\template\customers\application\events\CustomerCreatedEventHandler.java. Using fallback presentation compiler.
2026.01.22 23:41:42 INFO  no build target found for D:\utp\verano_2026\herramientas_de_desarrollo\trip-agency-management-backend\src\main\java\com\tripagencymanagement\template\customers\application\commands\handlers\CreateCustomerCommandHandler.java. Using fallback presentation compiler.
2026.01.22 23:41:43 INFO  no build target found for D:\utp\verano_2026\herramientas_de_desarrollo\trip-agency-management-backend\src\main\java\com\tripagencymanagement\template\customers\package-info.java. Using fallback presentation compiler.
2026.01.22 23:41:44 INFO  no build target found for D:\utp\verano_2026\herramientas_de_desarrollo\trip-agency-management-backend\src\main\java\com\tripagencymanagement\template\customers\package-info.java. Using fallback presentation compiler.
2026.01.22 23:41:45 INFO  no build target found for D:\utp\verano_2026\herramientas_de_desarrollo\trip-agency-management-backend\src\main\java\com\tripagencymanagement\template\customers\package-info.java. Using fallback presentation compiler.
2026.01.22 23:41:46 WARN  no build target for: D:\utp\verano_2026\herramientas_de_desarrollo\trip-agency-management-backend\src\main\java\com\tripagencymanagement\template\customers\infrastructure\repositories\interfaces\ICustomerJpaRepository.java
2026.01.22 23:41:48 INFO  no build target found for D:\utp\verano_2026\herramientas_de_desarrollo\trip-agency-management-backend\src\main\java\com\tripagencymanagement\template\customers\infrastructure\repositories\interfaces\ICustomerJpaRepository.java. Using fallback presentation compiler.
2026.01.22 23:41:48 WARN  no build target for: D:\utp\verano_2026\herramientas_de_desarrollo\trip-agency-management-backend\src\main\java\com\tripagencymanagement\template\customers\infrastructure\entities\Customer.java
2026.01.22 23:41:48 INFO  no build target found for D:\utp\verano_2026\herramientas_de_desarrollo\trip-agency-management-backend\src\main\java\com\tripagencymanagement\template\customers\infrastructure\entities\Customer.java. Using fallback presentation compiler.
2026.01.22 23:41:49 WARN  no build target for: D:\utp\verano_2026\herramientas_de_desarrollo\trip-agency-management-backend\src\main\java\com\tripagencymanagement\template\customers\infrastructure\enums\IdDocumentType.java
2026.01.22 23:41:49 INFO  no build target found for D:\utp\verano_2026\herramientas_de_desarrollo\trip-agency-management-backend\src\main\java\com\tripagencymanagement\template\customers\infrastructure\enums\IdDocumentType.java. Using fallback presentation compiler.
2026.01.22 23:41:49 WARN  no build target for: D:\utp\verano_2026\herramientas_de_desarrollo\trip-agency-management-backend\src\main\java\com\tripagencymanagement\template\customers\package-info.java
2026.01.22 23:41:51 INFO  no build target found for D:\utp\verano_2026\herramientas_de_desarrollo\trip-agency-management-backend\src\main\java\com\tripagencymanagement\template\customers\infrastructure\repositories\impl\CustomerRepository.java. Using fallback presentation compiler.
2026.01.22 23:41:51 WARN  no build target for: D:\utp\verano_2026\herramientas_de_desarrollo\trip-agency-management-backend\src\main\java\com\tripagencymanagement\template\customers\infrastructure\mappers\ICustomerLombokMapper.java
2026.01.22 23:41:51 INFO  no build target found for D:\utp\verano_2026\herramientas_de_desarrollo\trip-agency-management-backend\src\main\java\com\tripagencymanagement\template\customers\infrastructure\mappers\ICustomerLombokMapper.java. Using fallback presentation compiler.
2026.01.22 23:41:51 WARN  no build target for: D:\utp\verano_2026\herramientas_de_desarrollo\trip-agency-management-backend\src\main\java\com\tripagencymanagement\template\customers\infrastructure\repositories\impl\CustomerRepository.java
2026.01.22 23:41:53 INFO  no build target found for D:\utp\verano_2026\herramientas_de_desarrollo\trip-agency-management-backend\src\main\java\com\tripagencymanagement\template\customers\presentation\dto\CreateCustomerDto.java. Using fallback presentation compiler.
2026.01.22 23:41:53 WARN  no build target for: D:\utp\verano_2026\herramientas_de_desarrollo\trip-agency-management-backend\src\main\java\com\tripagencymanagement\template\customers\presentation\dto\CreateCustomerDto.java
2026.01.22 23:41:53 INFO  no build target found for D:\utp\verano_2026\herramientas_de_desarrollo\trip-agency-management-backend\src\main\java\com\tripagencymanagement\template\customers\presentation\dto\UpdateCustomerDto.java. Using fallback presentation compiler.
2026.01.22 23:41:54 WARN  no build target for: D:\utp\verano_2026\herramientas_de_desarrollo\trip-agency-management-backend\src\main\java\com\tripagencymanagement\template\customers\presentation\dto\UpdateCustomerDto.java
2026.01.22 23:41:55 WARN  no build target for: D:\utp\verano_2026\herramientas_de_desarrollo\trip-agency-management-backend\src\main\java\com\tripagencymanagement\template\customers\infrastructure\mappers\CustomerLombokMapper.java
2026.01.22 23:41:55 INFO  no build target found for D:\utp\verano_2026\herramientas_de_desarrollo\trip-agency-management-backend\src\main\java\com\tripagencymanagement\template\customers\infrastructure\mappers\CustomerLombokMapper.java. Using fallback presentation compiler.
2026.01.22 23:41:55 INFO  no build target found for D:\utp\verano_2026\herramientas_de_desarrollo\trip-agency-management-backend\src\main\java\com\tripagencymanagement\template\customers\presentation\dto\PaginatedCustomerRequestDto.java. Using fallback presentation compiler.
2026.01.22 23:41:56 WARN  no build target for: D:\utp\verano_2026\herramientas_de_desarrollo\trip-agency-management-backend\src\main\java\com\tripagencymanagement\template\customers\presentation\dto\PaginatedCustomerRequestDto.java
2026.01.22 23:41:56 WARN  no build target for: D:\utp\verano_2026\herramientas_de_desarrollo\trip-agency-management-backend\src\main\java\com\tripagencymanagement\template\customers\presentation\controller\CustomerController.java
2026.01.22 23:41:56 INFO  no build target found for D:\utp\verano_2026\herramientas_de_desarrollo\trip-agency-management-backend\src\main\java\com\tripagencymanagement\template\customers\presentation\controller\CustomerController.java. Using fallback presentation compiler.
2026.01.22 23:41:58 INFO  no build target found for D:\utp\verano_2026\herramientas_de_desarrollo\trip-agency-management-backend\src\main\java\com\tripagencymanagement\template\customers\domain\entities\DCustomer.java. Using fallback presentation compiler.
2026.01.22 23:41:58 WARN  no build target for: D:\utp\verano_2026\herramientas_de_desarrollo\trip-agency-management-backend\src\main\java\com\tripagencymanagement\template\customers\domain\entities\DCustomer.java
2026.01.22 23:41:58 INFO  no build target found for D:\utp\verano_2026\herramientas_de_desarrollo\trip-agency-management-backend\src\main\java\com\tripagencymanagement\template\customers\domain\repositories\ICustomerRepository.java. Using fallback presentation compiler.
2026.01.22 23:41:58 WARN  no build target for: D:\utp\verano_2026\herramientas_de_desarrollo\trip-agency-management-backend\src\main\java\com\tripagencymanagement\template\customers\domain\repositories\ICustomerRepository.java
2026.01.22 23:41:59 WARN  no build target for: D:\utp\verano_2026\herramientas_de_desarrollo\trip-agency-management-backend\src\main\java\com\tripagencymanagement\template\customers\domain\enums\DIdDocumentType.java
2026.01.22 23:41:59 INFO  no build target found for D:\utp\verano_2026\herramientas_de_desarrollo\trip-agency-management-backend\src\main\java\com\tripagencymanagement\template\customers\domain\enums\DIdDocumentType.java. Using fallback presentation compiler.
2026.01.22 23:42:00 WARN  no build target for: D:\utp\verano_2026\herramientas_de_desarrollo\trip-agency-management-backend\src\main\java\com\tripagencymanagement\template\customers\application\queries\GetAllCustomersQuery.java
2026.01.22 23:41:59 INFO  no build target found for D:\utp\verano_2026\herramientas_de_desarrollo\trip-agency-management-backend\src\main\java\com\tripagencymanagement\template\customers\application\queries\GetAllCustomersQuery.java. Using fallback presentation compiler.
2026.01.22 23:41:59 INFO  no build target found for D:\utp\verano_2026\herramientas_de_desarrollo\trip-agency-management-backend\src\main\java\com\tripagencymanagement\template\customers\application\queries\handlers\CustomerPaginatedQueryHandler.java. Using fallback presentation compiler.
2026.01.22 23:42:00 WARN  no build target for: D:\utp\verano_2026\herramientas_de_desarrollo\trip-agency-management-backend\src\main\java\com\tripagencymanagement\template\customers\application\queries\handlers\CustomerPaginatedQueryHandler.java
2026.01.22 23:42:01 WARN  no build target for: D:\utp\verano_2026\herramientas_de_desarrollo\trip-agency-management-backend\src\main\java\com\tripagencymanagement\template\customers\application\queries\handlers\GetAllCustomersQueryHandler.java
2026.01.22 23:42:01 INFO  no build target found for D:\utp\verano_2026\herramientas_de_desarrollo\trip-agency-management-backend\src\main\java\com\tripagencymanagement\template\customers\application\queries\handlers\GetAllCustomersQueryHandler.java. Using fallback presentation compiler.
2026.01.22 23:42:01 INFO  no build target found for D:\utp\verano_2026\herramientas_de_desarrollo\trip-agency-management-backend\src\main\java\com\tripagencymanagement\template\customers\application\queries\CustomerPaginatedQuery.java. Using fallback presentation compiler.
2026.01.22 23:42:02 WARN  no build target for: D:\utp\verano_2026\herramientas_de_desarrollo\trip-agency-management-backend\src\main\java\com\tripagencymanagement\template\customers\application\queries\CustomerPaginatedQuery.java
2026.01.22 23:42:01 INFO  no build target found for D:\utp\verano_2026\herramientas_de_desarrollo\trip-agency-management-backend\src\main\java\com\tripagencymanagement\template\customers\application\commands\CreateCustomerCommand.java. Using fallback presentation compiler.
2026.01.22 23:42:02 WARN  no build target for: D:\utp\verano_2026\herramientas_de_desarrollo\trip-agency-management-backend\src\main\java\com\tripagencymanagement\template\customers\application\commands\CreateCustomerCommand.java
2026.01.22 23:42:03 INFO  no build target found for D:\utp\verano_2026\herramientas_de_desarrollo\trip-agency-management-backend\src\main\java\com\tripagencymanagement\template\customers\application\commands\UpdateCustomerCommand.java. Using fallback presentation compiler.
2026.01.22 23:42:03 INFO  no build target found for D:\utp\verano_2026\herramientas_de_desarrollo\trip-agency-management-backend\src\main\java\com\tripagencymanagement\template\customers\application\commands\handlers\DeactivateCustomerCommandHandler.java. Using fallback presentation compiler.
2026.01.22 23:42:03 WARN  no build target for: D:\utp\verano_2026\herramientas_de_desarrollo\trip-agency-management-backend\src\main\java\com\tripagencymanagement\template\customers\application\commands\handlers\DeactivateCustomerCommandHandler.java
2026.01.22 23:42:03 WARN  no build target for: D:\utp\verano_2026\herramientas_de_desarrollo\trip-agency-management-backend\src\main\java\com\tripagencymanagement\template\customers\application\commands\UpdateCustomerCommand.java
2026.01.22 23:42:04 WARN  no build target for: D:\utp\verano_2026\herramientas_de_desarrollo\trip-agency-management-backend\src\main\java\com\tripagencymanagement\template\customers\application\commands\handlers\UpdateCustomerCommandHandler.java
2026.01.22 23:42:04 INFO  no build target found for D:\utp\verano_2026\herramientas_de_desarrollo\trip-agency-management-backend\src\main\java\com\tripagencymanagement\template\customers\application\commands\handlers\UpdateCustomerCommandHandler.java. Using fallback presentation compiler.
2026.01.22 23:42:04 WARN  no build target for: D:\utp\verano_2026\herramientas_de_desarrollo\trip-agency-management-backend\src\main\java\com\tripagencymanagement\template\customers\application\commands\handlers\CreateCustomerCommandHandler.java
2026.01.22 23:42:04 INFO  no build target found for D:\utp\verano_2026\herramientas_de_desarrollo\trip-agency-management-backend\src\main\java\com\tripagencymanagement\template\customers\application\commands\handlers\CreateCustomerCommandHandler.java. Using fallback presentation compiler.
2026.01.22 23:42:05 INFO  no build target found for D:\utp\verano_2026\herramientas_de_desarrollo\trip-agency-management-backend\src\main\java\com\tripagencymanagement\template\customers\application\commands\DeactivateCustomerCommand.java. Using fallback presentation compiler.
2026.01.22 23:42:05 WARN  no build target for: D:\utp\verano_2026\herramientas_de_desarrollo\trip-agency-management-backend\src\main\java\com\tripagencymanagement\template\customers\application\commands\DeactivateCustomerCommand.java
2026.01.22 23:42:06 WARN  no build target for: D:\utp\verano_2026\herramientas_de_desarrollo\trip-agency-management-backend\src\main\java\com\tripagencymanagement\template\customers\application\events\CustomerCreatedDomainEvent.java
2026.01.22 23:42:05 INFO  no build target found for D:\utp\verano_2026\herramientas_de_desarrollo\trip-agency-management-backend\src\main\java\com\tripagencymanagement\template\customers\application\events\CustomerCreatedDomainEvent.java. Using fallback presentation compiler.
2026.01.22 23:42:06 WARN  no build target for: D:\utp\verano_2026\herramientas_de_desarrollo\trip-agency-management-backend\src\main\java\com\tripagencymanagement\template\customers\application\events\CustomerCreatedEventHandler.java
2026.01.22 23:42:05 INFO  no build target found for D:\utp\verano_2026\herramientas_de_desarrollo\trip-agency-management-backend\src\main\java\com\tripagencymanagement\template\customers\application\events\CustomerCreatedEventHandler.java. Using fallback presentation compiler.
2026.01.22 23:42:07 INFO  no build target found for D:\utp\verano_2026\herramientas_de_desarrollo\trip-agency-management-backend\src\main\java\com\tripagencymanagement\template\customers\package-info.java. Using fallback presentation compiler.
ene 22, 2026 11:42:07 P. M. org.eclipse.lsp4j.jsonrpc.RemoteEndpoint handleCancellation
ADVERTENCIA: Unmatched cancel notification for request id 75
ene 22, 2026 11:42:07 P. M. org.eclipse.lsp4j.jsonrpc.RemoteEndpoint handleCancellation
ADVERTENCIA: Unmatched cancel notification for request id 79
2026.01.22 23:42:07 INFO  no build target found for D:\utp\verano_2026\herramientas_de_desarrollo\trip-agency-management-backend\src\main\java\com\tripagencymanagement\template\auth\package-info.java. Using fallback presentation compiler.
2026.01.22 23:42:07 WARN  no build target for: D:\utp\verano_2026\herramientas_de_desarrollo\trip-agency-management-backend\src\main\java\com\tripagencymanagement\template\auth\package-info.java
ene 22, 2026 11:42:07 P. M. org.eclipse.lsp4j.jsonrpc.RemoteEndpoint handleCancellation
ADVERTENCIA: Unmatched cancel notification for request id 81
2026.01.22 23:42:06 INFO  no build target found for D:\utp\verano_2026\herramientas_de_desarrollo\trip-agency-management-backend\src\main\java\com\tripagencymanagement\template\auth\package-info.java. Using fallback presentation compiler.
2026.01.22 23:42:07 INFO  no build target found for D:\utp\verano_2026\herramientas_de_desarrollo\trip-agency-management-backend\src\main\java\com\tripagencymanagement\template\auth\package-info.java. Using fallback presentation compiler.
ene 22, 2026 11:42:07 P. M. org.eclipse.lsp4j.jsonrpc.RemoteEndpoint handleCancellation
ADVERTENCIA: Unmatched cancel notification for request id 83
ene 22, 2026 11:42:07 P. M. org.eclipse.lsp4j.jsonrpc.RemoteEndpoint handleCancellation
ADVERTENCIA: Unmatched cancel notification for request id 82
ene 22, 2026 11:42:07 P. M. org.eclipse.lsp4j.jsonrpc.RemoteEndpoint handleCancellation
ADVERTENCIA: Unmatched cancel notification for request id 85
2026.01.22 23:42:07 WARN  no build target for: D:\utp\verano_2026\herramientas_de_desarrollo\trip-agency-management-backend\src\main\java\com\tripagencymanagement\template\customers\package-info.java
2026.01.22 23:42:07 INFO  no build target found for D:\utp\verano_2026\herramientas_de_desarrollo\trip-agency-management-backend\src\main\java\com\tripagencymanagement\template\customers\package-info.java. Using fallback presentation compiler.
ene 22, 2026 11:42:07 P. M. org.eclipse.lsp4j.jsonrpc.RemoteEndpoint handleCancellation
ADVERTENCIA: Unmatched cancel notification for request id 87
2026.01.22 23:42:07 INFO  no build target found for D:\utp\verano_2026\herramientas_de_desarrollo\trip-agency-management-backend\src\main\java\com\tripagencymanagement\template\customers\package-info.java. Using fallback presentation compiler.
2026.01.22 23:42:07 INFO  no build target found for D:\utp\verano_2026\herramientas_de_desarrollo\trip-agency-management-backend\src\main\java\com\tripagencymanagement\template\customers\package-info.java. Using fallback presentation compiler.
2026.01.22 23:42:07 INFO  no build target found for D:\utp\verano_2026\herramientas_de_desarrollo\trip-agency-management-backend\src\main\java\com\tripagencymanagement\template\customers\package-info.java. Using fallback presentation compiler.
ene 22, 2026 11:42:07 P. M. org.eclipse.lsp4j.jsonrpc.RemoteEndpoint handleCancellation
ADVERTENCIA: Unmatched cancel notification for request id 91
ene 22, 2026 11:42:07 P. M. org.eclipse.lsp4j.jsonrpc.RemoteEndpoint handleCancellation
ADVERTENCIA: Unmatched cancel notification for request id 89
2026.01.22 23:42:07 INFO  no build target found for D:\utp\verano_2026\herramientas_de_desarrollo\trip-agency-management-backend\src\main\java\com\tripagencymanagement\template\customers\package-info.java. Using fallback presentation compiler.
2026.01.22 23:42:09 INFO  no build target found for D:\utp\verano_2026\herramientas_de_desarrollo\trip-agency-management-backend\src\main\java\com\tripagencymanagement\template\customers\application\commands\CreateCustomerCommand.java. Using fallback presentation compiler.
2026.01.22 23:42:10 INFO  no build target found for D:\utp\verano_2026\herramientas_de_desarrollo\trip-agency-management-backend\src\main\java\com\tripagencymanagement\template\customers\application\commands\CreateCustomerCommand.java. Using fallback presentation compiler.
2026.01.22 23:42:09 INFO  no build target found for D:\utp\verano_2026\herramientas_de_desarrollo\trip-agency-management-backend\src\main\java\com\tripagencymanagement\template\customers\application\commands\CreateCustomerCommand.java. Using fallback presentation compiler.
2026.01.22 23:42:19 INFO  no build target found for D:\utp\verano_2026\herramientas_de_desarrollo\trip-agency-management-backend\src\main\java\com\tripagencymanagement\template\customers\application\commands\CreateCustomerCommand.java. Using fallback presentation compiler.
2026.01.22 23:42:19 INFO  no build target found for D:\utp\verano_2026\herramientas_de_desarrollo\trip-agency-management-backend\src\main\java\com\tripagencymanagement\template\customers\application\commands\CreateCustomerCommand.java. Using fallback presentation compiler.
